 
Imprimimos la matriz MarcadoActual: 
 0 0 0 0 0 0 0 1 1 1 1 1 0 1 0 0 0 1 0 0 0 0 0 1 1 0 1 0 1

 
Imprimimos la matriz MarcadoActual: 
 0 0 1 0 0 0 0 1 0 1 1 1 0 1 0 0 0 0 0 0 0 0 0 1 1 0 1 1 1

 
Imprimimos la matriz MarcadoActual: 
 0 0 0 0 0 0 0 1 1 1 1 1 0 1 0 0 0 0 0 0 1 0 0 1 1 1 1 0 1

 
Imprimimos la matriz MarcadoActual: 
 0 0 0 0 0 0 0 1 1 1 1 1 1 1 0 0 0 0 0 0 0 0 0 1 1 1 1 1 1

 
Imprimimos la matriz MarcadoActual: 
 0 0 0 0 0 0 0 1 1 1 1 0 1 1 1 0 0 0 0 0 0 0 0 1 0 1 0 1 1

 
Imprimimos la matriz MarcadoActual: 
 1 0 0 0 0 0 0 0 1 1 1 0 1 1 0 0 0 0 0 0 0 0 0 1 0 1 1 1 1

 
Imprimimos la matriz MarcadoActual: 
 0 0 0 0 0 0 0 1 1 1 1 0 1 1 0 0 1 0 0 0 0 0 0 1 1 0 1 0 1

 
Imprimimos la matriz MarcadoActual: 
 0 1 0 0 0 0 0 1 0 1 1 0 1 1 0 0 0 0 0 0 0 0 0 1 1 1 1 1 1

 
Imprimimos la matriz MarcadoActual: 
 0 0 0 0 0 0 0 1 1 1 1 0 1 1 0 0 0 0 0 0 0 0 1 1 1 1 1 1 0

 
Imprimimos la matriz MarcadoActual: 
 0 0 0 0 0 0 0 1 1 1 1 1 1 1 0 0 0 0 0 0 0 0 0 1 1 1 1 1 1

 
Imprimimos la matriz MarcadoActual: 
 0 0 0 0 0 0 0 1 1 1 1 0 1 1 1 0 0 0 0 0 0 0 0 1 0 1 0 1 1

 
Imprimimos la matriz MarcadoActual: 
 0 0 0 0 1 0 0 1 1 0 1 0 1 1 0 0 0 0 0 0 0 0 0 0 0 1 1 1 1

 
Imprimimos la matriz MarcadoActual: 
 0 0 0 0 0 0 0 1 1 1 1 0 1 1 0 0 0 0 0 1 0 0 0 0 1 0 1 0 1

 
Imprimimos la matriz MarcadoActual: 
 0 0 0 0 0 1 0 1 1 1 0 0 1 1 0 0 0 0 0 0 0 0 0 0 1 1 1 1 1

 
Imprimimos la matriz MarcadoActual: 
 0 0 0 0 0 0 0 1 1 1 1 0 1 1 0 0 0 0 0 0 0 0 1 1 1 1 1 1 0

 
Imprimimos la matriz MarcadoActual: 
 0 0 0 0 0 0 0 1 1 1 1 1 1 1 0 0 0 0 0 0 0 0 0 1 1 1 1 1 1

 
Imprimimos la matriz MarcadoActual: 
 0 0 0 0 0 0 0 1 1 1 1 1 1 0 0 0 0 0 0 0 0 1 0 0 1 1 1 1 0

 
Imprimimos la matriz MarcadoActual: 
 0 0 0 0 0 0 1 1 1 1 0 1 1 0 0 0 0 0 0 0 0 0 0 0 1 1 1 1 1

 
Imprimimos la matriz MarcadoActual: 
 0 0 0 0 0 0 0 1 1 1 1 1 1 0 0 0 0 0 1 0 0 0 0 0 1 0 1 0 1

 
Imprimimos la matriz MarcadoActual: 
 0 0 0 1 0 0 0 1 1 0 1 1 1 0 0 0 0 0 0 0 0 0 0 0 1 0 1 1 1

 
Imprimimos la matriz MarcadoActual: 
 0 0 0 0 0 0 0 1 1 1 1 1 1 0 0 1 0 0 0 0 0 0 0 1 1 1 0 1 1

 
Imprimimos la matriz MarcadoActual: 
 0 0 0 0 0 0 0 1 1 1 1 1 1 1 0 0 0 0 0 0 0 0 0 1 1 1 1 1 1

