 

Imprimimos la matriz MSensibilizadas: 
 0 0 0 1 0 0 1 0 0 0 0 0 0 0 0 0 0 0 0 1

 

Imprimimos la matriz MSensibilizadas: 
 0 0 0 1 0 0 0 0 0 0 0 0 1 0 0 0 0 0 0 1

 

Imprimimos la matriz MSensibilizadas: 
 0 0 0 1 0 0 0 0 0 1 0 0 0 0 0 0 0 0 0 1

 

Imprimimos la matriz MSensibilizadas: 
 0 0 0 1 0 0 0 0 0 0 1 0 0 0 0 0 0 0 0 1

 

Imprimimos la matriz MSensibilizadas: 
 1 1 0 0 0 0 0 0 0 0 1 0 0 0 0 0 0 0 0 1

 

Imprimimos la matriz MSensibilizadas: 
 0 0 0 0 0 0 0 0 0 0 1 1 0 0 0 0 0 0 0 1

 

Imprimimos la matriz MSensibilizadas: 
 0 0 0 0 0 1 0 0 0 0 0 0 0 0 0 0 0 0 0 1

 

Imprimimos la matriz MSensibilizadas: 
 0 0 0 0 0 0 0 0 0 0 1 0 0 0 0 0 0 1 0 1

 

Imprimimos la matriz MSensibilizadas: 
 0 0 0 0 0 0 0 0 0 0 1 0 0 0 0 0 1 0 0 0

 

Imprimimos la matriz MSensibilizadas: 
 0 0 0 1 0 0 0 0 0 0 1 0 0 0 0 0 0 0 0 1

 

Imprimimos la matriz MSensibilizadas: 
 1 1 0 0 0 0 0 0 0 0 1 0 0 0 0 0 0 0 0 1

 

Imprimimos la matriz MSensibilizadas: 
 0 0 0 0 0 0 0 0 0 0 1 0 0 1 0 0 0 0 0 0

 

Imprimimos la matriz MSensibilizadas: 
 0 0 0 0 0 0 0 0 1 0 0 0 0 0 0 0 0 0 0 0

 

Imprimimos la matriz MSensibilizadas: 
 0 0 0 0 0 0 0 0 0 0 1 0 0 0 0 0 0 0 1 0

 

Imprimimos la matriz MSensibilizadas: 
 0 0 0 0 0 0 0 0 0 0 1 0 0 0 0 0 1 0 0 0

 

Imprimimos la matriz MSensibilizadas: 
 0 0 0 1 0 0 0 0 0 0 1 0 0 0 0 0 0 0 0 1

 

Imprimimos la matriz MSensibilizadas: 
 0 0 0 1 0 0 0 0 0 0 1 0 0 0 0 1 0 0 0 0

 

Imprimimos la matriz MSensibilizadas: 
 0 0 0 1 0 0 0 0 0 0 1 0 0 0 1 0 0 0 0 0

 

Imprimimos la matriz MSensibilizadas: 
 0 0 0 1 0 0 0 1 0 0 0 0 0 0 0 0 0 0 0 0

 

Imprimimos la matriz MSensibilizadas: 
 0 0 0 1 1 0 0 0 0 0 0 0 0 0 0 0 0 0 0 0

 

Imprimimos la matriz MSensibilizadas: 
 0 0 1 0 0 0 0 0 0 0 1 0 0 0 0 0 0 0 0 0

 

Imprimimos la matriz MSensibilizadas: 
 0 0 0 1 0 0 0 0 0 0 1 0 0 0 0 0 0 0 0 1

